This file contains any messages produced by compilers while
running configure, to aid debugging if configure makes a mistake.

It was created by Apertium Purepecha configure 0.1.0, which was
generated by GNU Autoconf 2.69.  Invocation command line was

  $ ./configure 

## --------- ##
## Platform. ##
## --------- ##

hostname = coconut
uname -m = x86_64
uname -r = 5.4.0-70-generic
uname -s = Linux
uname -v = #78-Ubuntu SMP Fri Mar 19 13:29:52 UTC 2021

/usr/bin/uname -p = x86_64
/bin/uname -X     = unknown

/bin/arch              = x86_64
/usr/bin/arch -k       = unknown
/usr/convex/getsysinfo = unknown
/usr/bin/hostinfo      = unknown
/bin/machine           = unknown
/usr/bin/oslevel       = unknown
/bin/universe          = unknown

PATH: /home/jlopezn1/bin
PATH: /usr/swat/bin
PATH: /usr/local/bin
PATH: /bin
PATH: /sbin
PATH: /usr/bin
PATH: /usr/sbin
PATH: /usr/X11R6/bin
PATH: /usr/local/bin


## ----------- ##
## Core tests. ##
## ----------- ##

configure:1815: checking for a BSD-compatible install
configure:1883: result: /bin/install -c
configure:1894: checking whether build environment is sane
configure:1949: result: yes
configure:2098: checking for a thread-safe mkdir -p
configure:2137: result: /bin/mkdir -p
configure:2144: checking for gawk
configure:2160: found /bin/gawk
configure:2171: result: gawk
configure:2182: checking whether make sets $(MAKE)
configure:2204: result: yes
configure:2233: checking whether make supports nested variables
configure:2250: result: yes
configure:2380: checking for gawk
configure:2407: result: gawk
configure:2481: checking for pkg-config
configure:2499: found /bin/pkg-config
configure:2511: result: /bin/pkg-config
configure:2536: checking pkg-config is at least version 0.9.0
configure:2539: result: yes
configure:2656: checking for APERTIUM
configure:2663: $PKG_CONFIG --exists --print-errors "apertium >= 3.6.1"
configure:2666: $? = 0
configure:2680: $PKG_CONFIG --exists --print-errors "apertium >= 3.6.1"
configure:2683: $? = 0
configure:2741: result: yes
configure:2747: checking for HFST
configure:2754: $PKG_CONFIG --exists --print-errors "hfst >= 3.15.1"
configure:2757: $? = 0
configure:2771: $PKG_CONFIG --exists --print-errors "hfst >= 3.15.1"
configure:2774: $? = 0
configure:2832: result: yes
configure:2838: checking for CG3
configure:2845: $PKG_CONFIG --exists --print-errors "cg3 >= 1.3.1"
configure:2848: $? = 0
configure:2862: $PKG_CONFIG --exists --print-errors "cg3 >= 1.3.1"
configure:2865: $? = 0
configure:2923: result: yes
configure:2929: checking for LEXD
configure:2936: $PKG_CONFIG --exists --print-errors "lexd >= 0.0.1"
configure:2939: $? = 0
configure:2953: $PKG_CONFIG --exists --print-errors "lexd >= 0.0.1"
configure:2956: $? = 0
configure:3014: result: yes
configure:3244: checking that generated files are newer than configure
configure:3250: result: done
configure:3262: creating ./config.status

## ---------------------- ##
## Running config.status. ##
## ---------------------- ##

This file was extended by Apertium Purepecha config.status 0.1.0, which was
generated by GNU Autoconf 2.69.  Invocation command line was

  CONFIG_FILES    = 
  CONFIG_HEADERS  = 
  CONFIG_LINKS    = 
  CONFIG_COMMANDS = 
  $ ./config.status 

on coconut

config.status:783: creating Makefile
config.status:783: creating apertium-tsz.pc

## ---------------- ##
## Cache variables. ##
## ---------------- ##

ac_cv_env_APERTIUM_CFLAGS_set=
ac_cv_env_APERTIUM_CFLAGS_value=
ac_cv_env_APERTIUM_LIBS_set=
ac_cv_env_APERTIUM_LIBS_value=
ac_cv_env_CG3_CFLAGS_set=
ac_cv_env_CG3_CFLAGS_value=
ac_cv_env_CG3_LIBS_set=
ac_cv_env_CG3_LIBS_value=
ac_cv_env_HFSTOSPELL_CFLAGS_set=
ac_cv_env_HFSTOSPELL_CFLAGS_value=
ac_cv_env_HFSTOSPELL_LIBS_set=
ac_cv_env_HFSTOSPELL_LIBS_value=
ac_cv_env_HFST_CFLAGS_set=
ac_cv_env_HFST_CFLAGS_value=
ac_cv_env_HFST_LIBS_set=
ac_cv_env_HFST_LIBS_value=
ac_cv_env_LEXD_CFLAGS_set=
ac_cv_env_LEXD_CFLAGS_value=
ac_cv_env_LEXD_LIBS_set=
ac_cv_env_LEXD_LIBS_value=
ac_cv_env_PKG_CONFIG_LIBDIR_set=
ac_cv_env_PKG_CONFIG_LIBDIR_value=
ac_cv_env_PKG_CONFIG_PATH_set=set
ac_cv_env_PKG_CONFIG_PATH_value=:/usr/local/share/pkgconfig:/usr/local/lib/pkgconfig
ac_cv_env_PKG_CONFIG_set=
ac_cv_env_PKG_CONFIG_value=
ac_cv_env_build_alias_set=
ac_cv_env_build_alias_value=
ac_cv_env_host_alias_set=
ac_cv_env_host_alias_value=
ac_cv_env_target_alias_set=
ac_cv_env_target_alias_value=
ac_cv_path_ac_pt_PKG_CONFIG=/bin/pkg-config
ac_cv_path_install='/bin/install -c'
ac_cv_path_mkdir=/bin/mkdir
ac_cv_prog_AWK=gawk
ac_cv_prog_make_make_set=yes
am_cv_make_support_nested_variables=yes
pkg_cv_APERTIUM_CFLAGS='-I/usr/include/apertium-3.7 -I/usr/lib/x86_64-linux-gnu/apertium-3.7/include'
pkg_cv_APERTIUM_LIBS=-lapertium3
pkg_cv_CG3_CFLAGS=-I/usr/include/
pkg_cv_CG3_LIBS=-lcg3
pkg_cv_HFST_CFLAGS=-I/usr/include/hfst/
pkg_cv_HFST_LIBS=-lhfst
pkg_cv_LEXD_CFLAGS=
pkg_cv_LEXD_LIBS=

## ----------------- ##
## Output variables. ##
## ----------------- ##

ACLOCAL='${SHELL} /home/jlopezn1/ling073/ling073-tsz/missing aclocal-1.16'
AMTAR='$${TAR-tar}'
AM_BACKSLASH='\'
AM_DEFAULT_V='$(AM_DEFAULT_VERBOSITY)'
AM_DEFAULT_VERBOSITY='1'
AM_V='$(V)'
APERTIUM_CFLAGS='-I/usr/include/apertium-3.7 -I/usr/lib/x86_64-linux-gnu/apertium-3.7/include'
APERTIUM_LIBS='-lapertium3'
AUTOCONF='${SHELL} /home/jlopezn1/ling073/ling073-tsz/missing autoconf'
AUTOHEADER='${SHELL} /home/jlopezn1/ling073/ling073-tsz/missing autoheader'
AUTOMAKE='${SHELL} /home/jlopezn1/ling073/ling073-tsz/missing automake-1.16'
AWK='gawk'
CG3_CFLAGS='-I/usr/include/'
CG3_LIBS='-lcg3'
CYGPATH_W='echo'
DEFS='-DPACKAGE_NAME=\"Apertium\ Purepecha\" -DPACKAGE_TARNAME=\"apertium-tsz\" -DPACKAGE_VERSION=\"0.1.0\" -DPACKAGE_STRING=\"Apertium\ Purepecha\ 0.1.0\" -DPACKAGE_BUGREPORT=\"shuang4@swarthmore.edu\" -DPACKAGE_URL=\"http://wiki.apertium.org/wiki/Apertium-tsz\" -DPACKAGE=\"apertium-tsz\" -DVERSION=\"0.1.0\"'
ECHO_C=''
ECHO_N='-n'
ECHO_T=''
HAVE_HFSTOSPELL_FALSE=''
HAVE_HFSTOSPELL_TRUE='#'
HFSTOSPELL_CFLAGS=''
HFSTOSPELL_LIBS=''
HFST_CFLAGS='-I/usr/include/hfst/'
HFST_LIBS='-lhfst'
INSTALL_DATA='${INSTALL} -m 644'
INSTALL_PROGRAM='${INSTALL}'
INSTALL_SCRIPT='${INSTALL}'
INSTALL_STRIP_PROGRAM='$(install_sh) -c -s'
LEXD_CFLAGS=''
LEXD_LIBS=''
LIBOBJS=''
LIBS=''
LTLIBOBJS=''
MAKEINFO='${SHELL} /home/jlopezn1/ling073/ling073-tsz/missing makeinfo'
MKDIR_P='/bin/mkdir -p'
PACKAGE='apertium-tsz'
PACKAGE_BUGREPORT='shuang4@swarthmore.edu'
PACKAGE_NAME='Apertium Purepecha'
PACKAGE_STRING='Apertium Purepecha 0.1.0'
PACKAGE_TARNAME='apertium-tsz'
PACKAGE_URL='http://wiki.apertium.org/wiki/Apertium-tsz'
PACKAGE_VERSION='0.1.0'
PATH_SEPARATOR=':'
PKG_CONFIG='/bin/pkg-config'
PKG_CONFIG_LIBDIR=''
PKG_CONFIG_PATH=':/usr/local/share/pkgconfig:/usr/local/lib/pkgconfig'
SET_MAKE=''
SHELL='/bin/bash'
STRIP=''
VERSION='0.1.0'
am__isrc=''
am__leading_dot='.'
am__tar='$${TAR-tar} chof - "$$tardir"'
am__untar='$${TAR-tar} xf -'
bindir='${exec_prefix}/bin'
build_alias=''
datadir='${datarootdir}'
datarootdir='${prefix}/share'
docdir='${datarootdir}/doc/${PACKAGE_TARNAME}'
dvidir='${docdir}'
exec_prefix='${prefix}'
host_alias=''
htmldir='${docdir}'
includedir='${prefix}/include'
infodir='${datarootdir}/info'
install_sh='${SHELL} /home/jlopezn1/ling073/ling073-tsz/install-sh'
libdir='${exec_prefix}/lib'
libexecdir='${exec_prefix}/libexec'
localedir='${datarootdir}/locale'
localstatedir='${prefix}/var'
mandir='${datarootdir}/man'
mkdir_p='$(MKDIR_P)'
oldincludedir='/usr/include'
pdfdir='${docdir}'
prefix='/usr/local'
program_transform_name='s,x,x,'
psdir='${docdir}'
runstatedir='${localstatedir}/run'
sbindir='${exec_prefix}/sbin'
sharedstatedir='${prefix}/com'
sysconfdir='${prefix}/etc'
target_alias=''

## ------------------- ##
## File substitutions. ##
## ------------------- ##

ap_include='./ap_include.am'

## ----------- ##
## confdefs.h. ##
## ----------- ##

/* confdefs.h */
#define PACKAGE_NAME "Apertium Purepecha"
#define PACKAGE_TARNAME "apertium-tsz"
#define PACKAGE_VERSION "0.1.0"
#define PACKAGE_STRING "Apertium Purepecha 0.1.0"
#define PACKAGE_BUGREPORT "shuang4@swarthmore.edu"
#define PACKAGE_URL "http://wiki.apertium.org/wiki/Apertium-tsz"
#define PACKAGE "apertium-tsz"
#define VERSION "0.1.0"

configure: exit 0

## ---------------------- ##
## Running config.status. ##
## ---------------------- ##

This file was extended by Apertium Purepecha config.status 0.1.0, which was
generated by GNU Autoconf 2.69.  Invocation command line was

  CONFIG_FILES    = 
  CONFIG_HEADERS  = 
  CONFIG_LINKS    = 
  CONFIG_COMMANDS = 
  $ ./config.status apertium-tsz.pc

on rosemary

config.status:783: creating apertium-tsz.pc
